Der Buildvorgang wurde am 11.04.2016 01:21:42 gestartet.
     1>Projekt "C:\Users\flori_000\Documents\Visual Studio 2013\Projects\Space-Riddle\VektoriaApp\VektoriaApp.vcxproj" auf Knoten "2", Build Ziel(e).
     1>ClCompile:
         C:\Program Files (x86)\Microsoft Visual Studio 12.0\VC\bin\CL.exe /c /ZI /nologo /W3 /WX- /Od /Oy- /D _MBCS /D _MBCS /D _DEBUG /Gm /EHsc /MDd /GS /fp:precise /Zc:wchar_t /Zc:forScope /Fo"Debug\\" /Fd"Debug\vc120.pdb" /Gd /TP /analyze- /errorReport:prompt Steuerung.cpp
         Steuerung.cpp
     1>c:\users\flori_000\documents\visual studio 2013\projects\space-riddle\vektoriaapp\game.h(90): error C2146: Syntaxfehler: Fehlendes ';' vor Bezeichner 'm_zSteuerung'
     1>c:\users\flori_000\documents\visual studio 2013\projects\space-riddle\vektoriaapp\game.h(90): error C4430: Fehlender Typspezifizierer - int wird angenommen. Hinweis: "default-int" wird von C++ nicht unterstützt.
     1>Die Erstellung des Projekts "C:\Users\flori_000\Documents\Visual Studio 2013\Projects\Space-Riddle\VektoriaApp\VektoriaApp.vcxproj" ist abgeschlossen, Build Ziel(e) -- FEHLER.

Fehler beim Buildvorgang.

Verstrichene Zeit 00:00:00.62
