Der Buildvorgang wurde am 07.04.2016 01:22:11 gestartet.
     1>Projekt "C:\Users\flori_000\Documents\Visual Studio 2013\Projects\Space-Riddle\Space Riddle\VektoriaApp\VektoriaApp.vcxproj" auf Knoten "2", Build Ziel(e).
     1>Link:
         C:\Program Files (x86)\Microsoft Visual Studio 12.0\VC\bin\x86_amd64\link.exe /ERRORREPORT:PROMPT /OUT:"C:\Users\flori_000\Documents\Visual Studio 2013\Projects\Space-Riddle\Space Riddle\x64\Debug\SpaceRiddle.exe" /INCREMENTAL /NOLOGO kernel32.lib user32.lib gdi32.lib winspool.lib comdlg32.lib advapi32.lib shell32.lib ole32.lib oleaut32.lib uuid.lib odbc32.lib odbccp32.lib /MANIFEST /MANIFESTUAC:"level='asInvoker' uiAccess='false'" /manifest:embed /DEBUG /PDB:"C:\Users\flori_000\Documents\Visual Studio 2013\Projects\Space-Riddle\Space Riddle\x64\Debug\SpaceRiddle.pdb" /TLBID:1 /DYNAMICBASE /NXCOMPAT /IMPLIB:"C:\Users\flori_000\Documents\Visual Studio 2013\Projects\Space-Riddle\Space Riddle\x64\Debug\SpaceRiddle.lib" /MACHINE:X64 x64\Debug\VektoriaApp.res
         x64\Debug\Game.obj
         x64\Debug\Meteorit.obj
         x64\Debug\stdafx.obj
         x64\Debug\VektoriaApp.obj
     1>Game.obj : error LNK2019: Verweis auf nicht aufgelöstes externes Symbol ""public: __cdecl CTastaturGER::CTastaturGER(void)" (??0CTastaturGER@@QEAA@XZ)" in Funktion ""public: __cdecl CGame::CGame(void)" (??0CGame@@QEAA@XZ)".
     1>Game.obj : error LNK2019: Verweis auf nicht aufgelöstes externes Symbol ""public: __cdecl CTastaturGER::~CTastaturGER(void)" (??1CTastaturGER@@QEAA@XZ)" in Funktion ""public: __cdecl CGame::~CGame(void)" (??1CGame@@QEAA@XZ)".
     1>Game.obj : error LNK2019: Verweis auf nicht aufgelöstes externes Symbol ""public: __cdecl CTextOutput::CTextOutput(void)" (??0CTextOutput@@QEAA@XZ)" in Funktion ""public: __cdecl CGame::CGame(void)" (??0CGame@@QEAA@XZ)".
     1>Game.obj : error LNK2019: Verweis auf nicht aufgelöstes externes Symbol ""public: __cdecl CTextOutput::~CTextOutput(void)" (??1CTextOutput@@QEAA@XZ)" in Funktion ""public: __cdecl CGame::~CGame(void)" (??1CGame@@QEAA@XZ)".
     1>C:\Users\flori_000\Documents\Visual Studio 2013\Projects\Space-Riddle\Space Riddle\x64\Debug\SpaceRiddle.exe : fatal error LNK1120: 4 nicht aufgelöste Externe
     1>Die Erstellung des Projekts "C:\Users\flori_000\Documents\Visual Studio 2013\Projects\Space-Riddle\Space Riddle\VektoriaApp\VektoriaApp.vcxproj" ist abgeschlossen, Build Ziel(e) -- FEHLER.

Fehler beim Buildvorgang.

Verstrichene Zeit 00:00:00.25
